\BOOKMARK [0][-]{chapter.1}{\376\377\000C\000l\000a\000s\000s\000\040\000I\000n\000d\000e\000x}{}% 1
\BOOKMARK [1][-]{section.1.1}{\376\377\000C\000l\000a\000s\000s\000\040\000L\000i\000s\000t}{chapter.1}% 2
\BOOKMARK [0][-]{chapter.2}{\376\377\000C\000l\000a\000s\000s\000\040\000D\000o\000c\000u\000m\000e\000n\000t\000a\000t\000i\000o\000n}{}% 3
\BOOKMARK [1][-]{section.2.1}{\376\377\000F\000A\000:\000:\000A\000r\000c\000\040\000C\000l\000a\000s\000s\000\040\000R\000e\000f\000e\000r\000e\000n\000c\000e}{chapter.2}% 4
\BOOKMARK [2][-]{subsection.2.1.1}{\376\377\000D\000e\000t\000a\000i\000l\000e\000d\000\040\000D\000e\000s\000c\000r\000i\000p\000t\000i\000o\000n}{section.2.1}% 5
\BOOKMARK [2][-]{subsection.2.1.2}{\376\377\000C\000o\000n\000s\000t\000r\000u\000c\000t\000o\000r\000\040\000\046\000\040\000D\000e\000s\000t\000r\000u\000c\000t\000o\000r\000\040\000D\000o\000c\000u\000m\000e\000n\000t\000a\000t\000i\000o\000n}{section.2.1}% 6
\BOOKMARK [3][-]{subsubsection.2.1.2.1}{\376\377\000A\000r\000c}{subsection.2.1.2}% 7
\BOOKMARK [2][-]{subsection.2.1.3}{\376\377\000M\000e\000m\000b\000e\000r\000\040\000F\000u\000n\000c\000t\000i\000o\000n\000\040\000D\000o\000c\000u\000m\000e\000n\000t\000a\000t\000i\000o\000n}{section.2.1}% 8
\BOOKMARK [3][-]{subsubsection.2.1.3.1}{\376\377\000a\000d\000d\000S\000y\000m\000b\000o\000l}{subsection.2.1.3}% 9
\BOOKMARK [3][-]{subsubsection.2.1.3.2}{\376\377\000a\000d\000d\000S\000y\000m\000b\000o\000l\000s}{subsection.2.1.3}% 10
\BOOKMARK [3][-]{subsubsection.2.1.3.3}{\376\377\000c\000h\000e\000c\000k\000A\000l\000p\000h\000a\000b\000e\000t}{subsection.2.1.3}% 11
\BOOKMARK [3][-]{subsubsection.2.1.3.4}{\376\377\000g\000e\000t\000D\000e\000s\000t\000i\000n\000a\000t\000i\000o\000n}{subsection.2.1.3}% 12
\BOOKMARK [3][-]{subsubsection.2.1.3.5}{\376\377\000p\000r\000o\000c\000e\000s\000s}{subsection.2.1.3}% 13
\BOOKMARK [1][-]{section.2.2}{\376\377\000F\000A\000:\000:\000C\000o\000m\000p\000o\000n\000e\000n\000t\000\040\000C\000l\000a\000s\000s\000\040\000R\000e\000f\000e\000r\000e\000n\000c\000e}{chapter.2}% 14
\BOOKMARK [2][-]{subsection.2.2.1}{\376\377\000D\000e\000t\000a\000i\000l\000e\000d\000\040\000D\000e\000s\000c\000r\000i\000p\000t\000i\000o\000n}{section.2.2}% 15
\BOOKMARK [2][-]{subsection.2.2.2}{\376\377\000C\000o\000n\000s\000t\000r\000u\000c\000t\000o\000r\000\040\000\046\000\040\000D\000e\000s\000t\000r\000u\000c\000t\000o\000r\000\040\000D\000o\000c\000u\000m\000e\000n\000t\000a\000t\000i\000o\000n}{section.2.2}% 16
\BOOKMARK [3][-]{subsubsection.2.2.2.1}{\376\377\000C\000o\000m\000p\000o\000n\000e\000n\000t}{subsection.2.2.2}% 17
\BOOKMARK [2][-]{subsection.2.2.3}{\376\377\000M\000e\000m\000b\000e\000r\000\040\000F\000u\000n\000c\000t\000i\000o\000n\000\040\000D\000o\000c\000u\000m\000e\000n\000t\000a\000t\000i\000o\000n}{section.2.2}% 18
\BOOKMARK [3][-]{subsubsection.2.2.3.1}{\376\377\000d\000b}{subsection.2.2.3}% 19
\BOOKMARK [3][-]{subsubsection.2.2.3.2}{\376\377\000d\000b}{subsection.2.2.3}% 20
\BOOKMARK [3][-]{subsubsection.2.2.3.3}{\376\377\000D\000B\000c\000o\000r\000r\000e\000c\000t\000o\000r}{subsection.2.2.3}% 21
\BOOKMARK [3][-]{subsubsection.2.2.3.4}{\376\377\000E\000N\000F\000A}{subsection.2.2.3}% 22
\BOOKMARK [3][-]{subsubsection.2.2.3.5}{\376\377\000g\000e\000t\000T\000y\000p\000e}{subsection.2.2.3}% 23
\BOOKMARK [3][-]{subsubsection.2.2.3.6}{\376\377\000p\000r\000o\000c\000e\000s\000s}{subsection.2.2.3}% 24
\BOOKMARK [3][-]{subsubsection.2.2.3.7}{\376\377\000r\000e\000g\000e\000x}{subsection.2.2.3}% 25
\BOOKMARK [1][-]{section.2.3}{\376\377\000F\000A\000:\000:\000D\000F\000A\000\040\000C\000l\000a\000s\000s\000\040\000R\000e\000f\000e\000r\000e\000n\000c\000e}{chapter.2}% 26
\BOOKMARK [2][-]{subsection.2.3.1}{\376\377\000D\000e\000t\000a\000i\000l\000e\000d\000\040\000D\000e\000s\000c\000r\000i\000p\000t\000i\000o\000n}{section.2.3}% 27
\BOOKMARK [2][-]{subsection.2.3.2}{\376\377\000M\000e\000m\000b\000e\000r\000\040\000F\000u\000n\000c\000t\000i\000o\000n\000\040\000D\000o\000c\000u\000m\000e\000n\000t\000a\000t\000i\000o\000n}{section.2.3}% 28
\BOOKMARK [3][-]{subsubsection.2.3.2.1}{\376\377\000a\000d\000d\000A\000l\000p\000h\000a\000b\000e\000t}{subsection.2.3.2}% 29
\BOOKMARK [3][-]{subsubsection.2.3.2.2}{\376\377\000a\000d\000d\000A\000l\000p\000h\000a\000b\000e\000t}{subsection.2.3.2}% 30
\BOOKMARK [3][-]{subsubsection.2.3.2.3}{\376\377\000a\000d\000d\000S\000t\000a\000t\000e}{subsection.2.3.2}% 31
\BOOKMARK [3][-]{subsubsection.2.3.2.4}{\376\377\000a\000d\000d\000S\000t\000a\000t\000e\000s}{subsection.2.3.2}% 32
\BOOKMARK [3][-]{subsubsection.2.3.2.5}{\376\377\000g\000e\000t\000A\000l\000p\000h\000a\000b\000e\000t}{subsection.2.3.2}% 33
\BOOKMARK [3][-]{subsubsection.2.3.2.6}{\376\377\000g\000e\000t\000S\000t\000a\000t\000e\000s}{subsection.2.3.2}% 34
\BOOKMARK [3][-]{subsubsection.2.3.2.7}{\376\377\000h\000a\000s\000S\000t\000a\000r\000t\000S\000t\000a\000t\000e}{subsection.2.3.2}% 35
\BOOKMARK [3][-]{subsubsection.2.3.2.8}{\376\377\000i\000s\000I\000n\000A\000l\000p\000h\000a\000b\000e\000t}{subsection.2.3.2}% 36
\BOOKMARK [3][-]{subsubsection.2.3.2.9}{\376\377\000p\000r\000o\000c\000e\000s\000s}{subsection.2.3.2}% 37
\BOOKMARK [3][-]{subsubsection.2.3.2.10}{\376\377\000p\000r\000o\000c\000e\000s\000s}{subsection.2.3.2}% 38
\BOOKMARK [3][-]{subsubsection.2.3.2.11}{\376\377\000p\000r\000o\000c\000e\000s\000s}{subsection.2.3.2}% 39
\BOOKMARK [2][-]{subsection.2.3.3}{\376\377\000M\000e\000m\000b\000e\000r\000\040\000D\000a\000t\000a\000\040\000D\000o\000c\000u\000m\000e\000n\000t\000a\000t\000i\000o\000n}{section.2.3}% 40
\BOOKMARK [3][-]{subsubsection.2.3.3.1}{\376\377\000f\000S\000t\000a\000t\000e\000s}{subsection.2.3.3}% 41
\BOOKMARK [1][-]{section.2.4}{\376\377\000F\000A\000:\000:\000e\000N\000F\000A\000\040\000C\000l\000a\000s\000s\000\040\000R\000e\000f\000e\000r\000e\000n\000c\000e}{chapter.2}% 42
\BOOKMARK [2][-]{subsection.2.4.1}{\376\377\000D\000e\000t\000a\000i\000l\000e\000d\000\040\000D\000e\000s\000c\000r\000i\000p\000t\000i\000o\000n}{section.2.4}% 43
\BOOKMARK [2][-]{subsection.2.4.2}{\376\377\000C\000o\000n\000s\000t\000r\000u\000c\000t\000o\000r\000\040\000\046\000\040\000D\000e\000s\000t\000r\000u\000c\000t\000o\000r\000\040\000D\000o\000c\000u\000m\000e\000n\000t\000a\000t\000i\000o\000n}{section.2.4}% 44
\BOOKMARK [3][-]{subsubsection.2.4.2.1}{\376\377\000e\000N\000F\000A}{subsection.2.4.2}% 45
\BOOKMARK [2][-]{subsection.2.4.3}{\376\377\000M\000e\000m\000b\000e\000r\000\040\000F\000u\000n\000c\000t\000i\000o\000n\000\040\000D\000o\000c\000u\000m\000e\000n\000t\000a\000t\000i\000o\000n}{section.2.4}% 46
\BOOKMARK [3][-]{subsubsection.2.4.3.1}{\376\377\000e\000c\000l\000o\000s\000e}{subsection.2.4.3}% 47
\BOOKMARK [3][-]{subsubsection.2.4.3.2}{\376\377\000g\000e\000t\000D\000e\000l\000t\000a}{subsection.2.4.3}% 48
\BOOKMARK [3][-]{subsubsection.2.4.3.3}{\376\377\000g\000e\000t\000F}{subsection.2.4.3}% 49
\BOOKMARK [3][-]{subsubsection.2.4.3.4}{\376\377\000g\000e\000t\000Q}{subsection.2.4.3}% 50
\BOOKMARK [3][-]{subsubsection.2.4.3.5}{\376\377\000g\000e\000t\000Q\0000}{subsection.2.4.3}% 51
\BOOKMARK [3][-]{subsubsection.2.4.3.6}{\376\377\000g\000e\000t\000S\000i\000g\000m\000a}{subsection.2.4.3}% 52
\BOOKMARK [3][-]{subsubsection.2.4.3.7}{\376\377\000p\000r\000o\000c\000e\000s\000s}{subsection.2.4.3}% 53
\BOOKMARK [3][-]{subsubsection.2.4.3.8}{\376\377\000t\000o\000F\000i\000l\000e}{subsection.2.4.3}% 54
\BOOKMARK [1][-]{section.2.5}{\376\377\000F\000A\000:\000:\000F\000i\000e\000l\000d\000\040\000C\000l\000a\000s\000s\000\040\000R\000e\000f\000e\000r\000e\000n\000c\000e}{chapter.2}% 55
\BOOKMARK [2][-]{subsection.2.5.1}{\376\377\000D\000e\000t\000a\000i\000l\000e\000d\000\040\000D\000e\000s\000c\000r\000i\000p\000t\000i\000o\000n}{section.2.5}% 56
\BOOKMARK [2][-]{subsection.2.5.2}{\376\377\000C\000o\000n\000s\000t\000r\000u\000c\000t\000o\000r\000\040\000\046\000\040\000D\000e\000s\000t\000r\000u\000c\000t\000o\000r\000\040\000D\000o\000c\000u\000m\000e\000n\000t\000a\000t\000i\000o\000n}{section.2.5}% 57
\BOOKMARK [3][-]{subsubsection.2.5.2.1}{\376\377\000F\000i\000e\000l\000d}{subsection.2.5.2}% 58
\BOOKMARK [3][-]{subsubsection.2.5.2.2}{\376\377\000F\000i\000e\000l\000d}{subsection.2.5.2}% 59
\BOOKMARK [3][-]{subsubsection.2.5.2.3}{\376\377\000F\000i\000e\000l\000d}{subsection.2.5.2}% 60
\BOOKMARK [2][-]{subsection.2.5.3}{\376\377\000M\000e\000m\000b\000e\000r\000\040\000F\000u\000n\000c\000t\000i\000o\000n\000\040\000D\000o\000c\000u\000m\000e\000n\000t\000a\000t\000i\000o\000n}{section.2.5}% 61
\BOOKMARK [3][-]{subsubsection.2.5.3.1}{\376\377\000c\000h\000e\000c\000k}{subsection.2.5.3}% 62
\BOOKMARK [3][-]{subsubsection.2.5.3.2}{\376\377\000d\000e\000f\000a\000u\000l\000t\000V\000a\000l\000u\000e}{subsection.2.5.3}% 63
\BOOKMARK [3][-]{subsubsection.2.5.3.3}{\376\377\000g\000e\000t\000C\000o\000m\000p\000o\000n\000e\000n\000t}{subsection.2.5.3}% 64
\BOOKMARK [3][-]{subsubsection.2.5.3.4}{\376\377\000g\000e\000t\000L\000e\000n\000g\000t\000h}{subsection.2.5.3}% 65
\BOOKMARK [3][-]{subsubsection.2.5.3.5}{\376\377\000g\000e\000t\000N\000a\000m\000e}{subsection.2.5.3}% 66
\BOOKMARK [3][-]{subsubsection.2.5.3.6}{\376\377\000g\000e\000t\000V\000a\000l\000u\000e}{subsection.2.5.3}% 67
\BOOKMARK [3][-]{subsubsection.2.5.3.7}{\376\377\000i\000s\000A\000c\000c\000e\000p\000t\000e\000d}{subsection.2.5.3}% 68
\BOOKMARK [3][-]{subsubsection.2.5.3.8}{\376\377\000i\000s\000F\000i\000l\000l\000e\000d\000I\000n}{subsection.2.5.3}% 69
\BOOKMARK [3][-]{subsubsection.2.5.3.9}{\376\377\000i\000s\000R\000e\000q\000u\000i\000r\000e\000d}{subsection.2.5.3}% 70
\BOOKMARK [3][-]{subsubsection.2.5.3.10}{\376\377\000l\000e\000n\000g\000t\000h}{subsection.2.5.3}% 71
\BOOKMARK [3][-]{subsubsection.2.5.3.11}{\376\377\000m\000a\000k\000e\000L\000a\000b\000e\000l}{subsection.2.5.3}% 72
\BOOKMARK [3][-]{subsubsection.2.5.3.12}{\376\377\000p\000r\000o\000c\000e\000s\000s}{subsection.2.5.3}% 73
\BOOKMARK [1][-]{section.2.6}{\376\377\000F\000A\000:\000:\000F\000o\000r\000m\000\040\000C\000l\000a\000s\000s\000\040\000R\000e\000f\000e\000r\000e\000n\000c\000e}{chapter.2}% 74
\BOOKMARK [2][-]{subsection.2.6.1}{\376\377\000D\000e\000t\000a\000i\000l\000e\000d\000\040\000D\000e\000s\000c\000r\000i\000p\000t\000i\000o\000n}{section.2.6}% 75
\BOOKMARK [2][-]{subsection.2.6.2}{\376\377\000C\000o\000n\000s\000t\000r\000u\000c\000t\000o\000r\000\040\000\046\000\040\000D\000e\000s\000t\000r\000u\000c\000t\000o\000r\000\040\000D\000o\000c\000u\000m\000e\000n\000t\000a\000t\000i\000o\000n}{section.2.6}% 76
\BOOKMARK [3][-]{subsubsection.2.6.2.1}{\376\377\000F\000o\000r\000m}{subsection.2.6.2}% 77
\BOOKMARK [2][-]{subsection.2.6.3}{\376\377\000M\000e\000m\000b\000e\000r\000\040\000F\000u\000n\000c\000t\000i\000o\000n\000\040\000D\000o\000c\000u\000m\000e\000n\000t\000a\000t\000i\000o\000n}{section.2.6}% 78
\BOOKMARK [3][-]{subsubsection.2.6.3.1}{\376\377\000a\000d\000d}{subsection.2.6.3}% 79
\BOOKMARK [3][-]{subsubsection.2.6.3.2}{\376\377\000a\000d\000d}{subsection.2.6.3}% 80
\BOOKMARK [3][-]{subsubsection.2.6.3.3}{\376\377\000a\000d\000d}{subsection.2.6.3}% 81
\BOOKMARK [3][-]{subsubsection.2.6.3.4}{\376\377\000a\000d\000d}{subsection.2.6.3}% 82
\BOOKMARK [3][-]{subsubsection.2.6.3.5}{\376\377\000a\000d\000d}{subsection.2.6.3}% 83
\BOOKMARK [3][-]{subsubsection.2.6.3.6}{\376\377\000a\000d\000d\000C\000o\000m\000p\000o\000n\000e\000n\000t\000s}{subsection.2.6.3}% 84
\BOOKMARK [3][-]{subsubsection.2.6.3.7}{\376\377\000g\000e\000t\000D\000a\000t\000a}{subsection.2.6.3}% 85
\BOOKMARK [3][-]{subsubsection.2.6.3.8}{\376\377\000l\000o\000a\000d}{subsection.2.6.3}% 86
\BOOKMARK [3][-]{subsubsection.2.6.3.9}{\376\377\000o\000k}{subsection.2.6.3}% 87
\BOOKMARK [3][-]{subsubsection.2.6.3.10}{\376\377\000r\000e\000a\000d\000C\000o\000m\000p\000o\000n\000e\000n\000t\000s}{subsection.2.6.3}% 88
\BOOKMARK [1][-]{section.2.7}{\376\377\000F\000A\000:\000:\000S\000t\000a\000t\000e\000\040\000C\000l\000a\000s\000s\000\040\000R\000e\000f\000e\000r\000e\000n\000c\000e}{chapter.2}% 89
\BOOKMARK [2][-]{subsection.2.7.1}{\376\377\000D\000e\000t\000a\000i\000l\000e\000d\000\040\000D\000e\000s\000c\000r\000i\000p\000t\000i\000o\000n}{section.2.7}% 90
\BOOKMARK [2][-]{subsection.2.7.2}{\376\377\000C\000o\000n\000s\000t\000r\000u\000c\000t\000o\000r\000\040\000\046\000\040\000D\000e\000s\000t\000r\000u\000c\000t\000o\000r\000\040\000D\000o\000c\000u\000m\000e\000n\000t\000a\000t\000i\000o\000n}{section.2.7}% 91
\BOOKMARK [3][-]{subsubsection.2.7.2.1}{\376\377\000S\000t\000a\000t\000e}{subsection.2.7.2}% 92
\BOOKMARK [3][-]{subsubsection.2.7.2.2}{\376\377\000S\000t\000a\000t\000e}{subsection.2.7.2}% 93
\BOOKMARK [2][-]{subsection.2.7.3}{\376\377\000M\000e\000m\000b\000e\000r\000\040\000F\000u\000n\000c\000t\000i\000o\000n\000\040\000D\000o\000c\000u\000m\000e\000n\000t\000a\000t\000i\000o\000n}{section.2.7}% 94
\BOOKMARK [3][-]{subsubsection.2.7.3.1}{\376\377\000a\000d\000d\000A\000r\000c}{subsection.2.7.3}% 95
\BOOKMARK [3][-]{subsubsection.2.7.3.2}{\376\377\000a\000d\000d\000L\000a\000b\000e\000l}{subsection.2.7.3}% 96
\BOOKMARK [3][-]{subsubsection.2.7.3.3}{\376\377\000a\000d\000d\000L\000a\000b\000e\000l\000s}{subsection.2.7.3}% 97
\BOOKMARK [3][-]{subsubsection.2.7.3.4}{\376\377\000a\000d\000d\000T\000r\000a\000n\000s\000i\000t\000i\000o\000n}{subsection.2.7.3}% 98
\BOOKMARK [3][-]{subsubsection.2.7.3.5}{\376\377\000c\000h\000e\000c\000k\000A\000l\000p\000h\000a\000b\000e\000t}{subsection.2.7.3}% 99
\BOOKMARK [3][-]{subsubsection.2.7.3.6}{\376\377\000g\000e\000t\000L\000a\000b\000e\000l}{subsection.2.7.3}% 100
\BOOKMARK [3][-]{subsubsection.2.7.3.7}{\376\377\000g\000e\000t\000L\000a\000b\000e\000l\000s}{subsection.2.7.3}% 101
\BOOKMARK [3][-]{subsubsection.2.7.3.8}{\376\377\000g\000e\000t\000N\000a\000m\000e}{subsection.2.7.3}% 102
\BOOKMARK [3][-]{subsubsection.2.7.3.9}{\376\377\000i\000s\000E\000n\000d\000i\000n\000g}{subsection.2.7.3}% 103
\BOOKMARK [3][-]{subsubsection.2.7.3.10}{\376\377\000i\000s\000S\000t\000a\000r\000t\000i\000n\000g}{subsection.2.7.3}% 104
\BOOKMARK [3][-]{subsubsection.2.7.3.11}{\376\377\000p\000r\000o\000c\000e\000s\000s}{subsection.2.7.3}% 105
\BOOKMARK [1][-]{section.2.8}{\376\377\000F\000A\000:\000:\000S\000u\000b\000s\000e\000t\000C\000o\000n\000s\000t\000r\000u\000c\000t\000i\000o\000n\000\040\000C\000l\000a\000s\000s\000\040\000R\000e\000f\000e\000r\000e\000n\000c\000e}{chapter.2}% 106
\BOOKMARK [2][-]{subsection.2.8.1}{\376\377\000C\000o\000n\000s\000t\000r\000u\000c\000t\000o\000r\000\040\000\046\000\040\000D\000e\000s\000t\000r\000u\000c\000t\000o\000r\000\040\000D\000o\000c\000u\000m\000e\000n\000t\000a\000t\000i\000o\000n}{section.2.8}% 107
\BOOKMARK [3][-]{subsubsection.2.8.1.1}{\376\377\000S\000u\000b\000s\000e\000t\000C\000o\000n\000s\000t\000r\000u\000c\000t\000i\000o\000n}{subsection.2.8.1}% 108
\BOOKMARK [2][-]{subsection.2.8.2}{\376\377\000M\000e\000m\000b\000e\000r\000\040\000F\000u\000n\000c\000t\000i\000o\000n\000\040\000D\000o\000c\000u\000m\000e\000n\000t\000a\000t\000i\000o\000n}{section.2.8}% 109
\BOOKMARK [3][-]{subsubsection.2.8.2.1}{\376\377\000g\000e\000t\000D\000F\000A}{subsection.2.8.2}% 110
\BOOKMARK [1][-]{section.2.9}{\376\377\000F\000A\000:\000:\000T\000e\000s\000t\000\040\000C\000l\000a\000s\000s\000\040\000R\000e\000f\000e\000r\000e\000n\000c\000e}{chapter.2}% 111
\BOOKMARK [-1][-]{section*.15}{\376\377\000I\000n\000d\000e\000x}{}% 112
